2024-11-04 17:12:06.113 - INFO - 3614 - azureml.train.automl._experiment_drivers.driver_utilities.modify_run_configuration:243 - Package azureml-train-automl missing from dependencies file.
2024-11-04 17:12:06.114 - INFO - 3614 - azureml.train.automl._experiment_drivers.driver_utilities.modify_run_configuration:249 - Using pinned version: azureml-train-automl==1.57.0.*
2024-11-04 17:12:06.115 - INFO - 3614 - azureml.train.automl._experiment_drivers.driver_utilities.modify_run_configuration:243 - Package azureml-defaults missing from dependencies file.
2024-11-04 17:12:06.116 - INFO - 3614 - azureml.train.automl._experiment_drivers.driver_utilities.modify_run_configuration:249 - Using pinned version: azureml-defaults==1.57.0.*
2024-11-04 17:12:06.116 - INFO - 3614 - azureml.train.automl._experiment_drivers.driver_utilities.modify_run_configuration:243 - Package pandas missing from dependencies file.
2024-11-04 17:12:06.116 - INFO - 3614 - azureml.train.automl._experiment_drivers.driver_utilities.modify_run_configuration:249 - Using pinned version: pandas==1.3.5
2024-11-04 17:12:06.116 - INFO - 3614 - azureml.train.automl._experiment_drivers.driver_utilities.modify_run_configuration:243 - Package psutil missing from dependencies file.
2024-11-04 17:12:06.117 - INFO - 3614 - azureml.train.automl._experiment_drivers.driver_utilities.modify_run_configuration:249 - Using pinned version: psutil>5.0.0,<6.0.0
2024-11-04 17:12:06.117 - INFO - 3614 - azureml.train.automl._experiment_drivers.driver_utilities.modify_run_configuration:243 - Package scikit-learn missing from dependencies file.
2024-11-04 17:12:06.117 - INFO - 3614 - azureml.train.automl._experiment_drivers.driver_utilities.modify_run_configuration:249 - Using pinned version: scikit-learn==1.5.1
2024-11-04 17:12:06.117 - INFO - 3614 - azureml.train.automl._experiment_drivers.driver_utilities.modify_run_configuration:243 - Package numpy missing from dependencies file.
2024-11-04 17:12:06.117 - INFO - 3614 - azureml.train.automl._experiment_drivers.driver_utilities.modify_run_configuration:249 - Using pinned version: numpy==1.23.5
2024-11-04 17:12:06.119 - INFO - 3614 - azureml.train.automl._experiment_drivers.driver_utilities.modify_run_configuration:243 - Package xgboost missing from dependencies file.
2024-11-04 17:12:06.119 - INFO - 3614 - azureml.train.automl._experiment_drivers.driver_utilities.modify_run_configuration:249 - Using pinned version: xgboost==1.5.2
2024-11-04 17:12:06.119 - INFO - 3614 - azureml.train.automl._experiment_drivers.driver_utilities.modify_run_configuration:243 - Package inference-schema missing from dependencies file.
2024-11-04 17:12:06.119 - INFO - 3614 - azureml.train.automl._experiment_drivers.driver_utilities.modify_run_configuration:253 - Using installed version: inference-schema==1.7.2
2024-11-04 17:12:06.120 - INFO - 3614 - azureml.train.automl._experiment_drivers.driver_utilities.modify_run_configuration:243 - Package prophet missing from dependencies file.
2024-11-04 17:12:06.120 - INFO - 3614 - azureml.train.automl._experiment_drivers.driver_utilities.modify_run_configuration:249 - Using pinned version: prophet==1.1.4
2024-11-04 17:12:06.120 - INFO - 3614 - azureml.train.automl._experiment_drivers.driver_utilities.modify_run_configuration:243 - Package holidays missing from dependencies file.
2024-11-04 17:12:06.120 - INFO - 3614 - azureml.train.automl._experiment_drivers.driver_utilities.modify_run_configuration:249 - Using pinned version: holidays==0.29
2024-11-04 17:12:06.120 - INFO - 3614 - azureml.train.automl._experiment_drivers.driver_utilities.modify_run_configuration:243 - Package joblib missing from dependencies file.
2024-11-04 17:12:06.121 - INFO - 3614 - azureml.train.automl._experiment_drivers.driver_utilities.modify_run_configuration:249 - Using pinned version: joblib==1.2.0
2024-11-04 17:12:06.121 - INFO - 3614 - azureml.train.automl._experiment_drivers.driver_utilities.modify_run_configuration:243 - Package setuptools-git missing from dependencies file.
2024-11-04 17:12:06.121 - INFO - 3614 - azureml.train.automl._experiment_drivers.driver_utilities.modify_run_configuration:253 - Using installed version: setuptools-git==1.2
2024-11-04 17:12:06.121 - INFO - 3614 - azureml.train.automl._experiment_drivers.driver_utilities.modify_run_configuration:243 - Package urllib3 missing from dependencies file.
2024-11-04 17:12:06.121 - INFO - 3614 - azureml.train.automl._experiment_drivers.driver_utilities.modify_run_configuration:253 - Using installed version: urllib3==1.26.19
2024-11-04 17:12:06.122 - INFO - 3614 - azureml.train.automl._experiment_drivers.driver_utilities.modify_run_configuration:243 - Package azure-core missing from dependencies file.
2024-11-04 17:12:06.122 - INFO - 3614 - azureml.train.automl._experiment_drivers.driver_utilities.modify_run_configuration:253 - Using installed version: azure-core==1.30.2
2024-11-04 17:12:06.122 - INFO - 3614 - azureml.train.automl._experiment_drivers.driver_utilities.modify_run_configuration:243 - Package boto3 missing from dependencies file.
2024-11-04 17:12:06.122 - INFO - 3614 - azureml.train.automl._experiment_drivers.driver_utilities.modify_run_configuration:249 - Using pinned version: boto3==1.20.19
2024-11-04 17:12:06.122 - INFO - 3614 - azureml.train.automl._experiment_drivers.driver_utilities.modify_run_configuration:243 - Package botocore missing from dependencies file.
2024-11-04 17:12:06.123 - INFO - 3614 - azureml.train.automl._experiment_drivers.driver_utilities.modify_run_configuration:249 - Using pinned version: botocore==1.23.19
2024-11-04 17:12:06.124 - INFO - 3614 - azureml.automl.core.dataset_utilities._save_datasets_to_json:255 - JSON serialization of input of type <class 'NoneType'> is un-supported.
2024-11-04 17:12:06.124 - INFO - 3614 - azureml.automl.core.dataset_utilities._save_datasets_to_json:255 - JSON serialization of input of type <class 'NoneType'> is un-supported.
2024-11-04 17:12:06.596 - INFO - 3614 - azureml.train.automl._experiment_drivers.driver_utilities.validate_input:124 - Start data validation.
2024-11-04 17:12:11.187 - INFO - 3614 - azureml.train.automl._experiment_drivers.driver_utilities.validate_input:137 - Validation service found the data has no errors.
2024-11-04 17:12:11.188 - INFO - 3614 - azureml.train.automl._experiment_drivers.driver_utilities.create_remote_parent_run:381 - Start creating parent run.
2024-11-04 17:12:11.504 - INFO - 3614 - azureml.train.automl._experiment_drivers.driver_utilities.create_remote_parent_run:401 - [ParentRunID:AutoML_5f5a62c9-548e-4a53-8ba5-8f0fc7713c01] Remote run using input X and y.
2024-11-04 17:12:11.563 - INFO - 3614 - azureml.train.automl._experiment_drivers.driver_utilities.start_remote_run:336 - Starting a snapshot run (snapshot_id : None)
